<?xml version="1.0" encoding="UTF-8"?>
<testsuite name="org.aludratest.service.gui.integrationtest.selenium2.Selenium2ButtonTest" time="67.084" tests="8" errors="0" skipped="0" failures="0">
  <properties>
    <property name="java.runtime.name" value="Java(TM) SE Runtime Environment"/>
    <property name="sun.boot.library.path" value="C:\DEV\Java\JDK1.7.0_80\jre\bin"/>
    <property name="java.vm.version" value="24.80-b11"/>
    <property name="java.vm.vendor" value="Oracle Corporation"/>
    <property name="java.vendor.url" value="http://java.oracle.com/"/>
    <property name="path.separator" value=";"/>
    <property name="guice.disable.misplaced.annotation.check" value="true"/>
    <property name="java.vm.name" value="Java HotSpot(TM) 64-Bit Server VM"/>
    <property name="file.encoding.pkg" value="sun.io"/>
    <property name="user.script" value=""/>
    <property name="user.country" value="DE"/>
    <property name="sun.java.launcher" value="SUN_STANDARD"/>
    <property name="sun.os.patch.level" value="Service Pack 1"/>
    <property name="performLocalTests" value="true"/>
    <property name="java.vm.specification.name" value="Java Virtual Machine Specification"/>
    <property name="user.dir" value="C:\DEV\workspace\aludratest-selenium"/>
    <property name="java.runtime.version" value="1.7.0_80-b15"/>
    <property name="java.awt.graphicsenv" value="sun.awt.Win32GraphicsEnvironment"/>
    <property name="java.endorsed.dirs" value="C:\DEV\Java\JDK1.7.0_80\jre\lib\endorsed"/>
    <property name="os.arch" value="amd64"/>
    <property name="java.io.tmpdir" value="C:\Users\falbrech\AppData\Local\Temp\"/>
    <property name="line.separator" value="&#10;"/>
    <property name="java.vm.specification.vendor" value="Oracle Corporation"/>
    <property name="user.variant" value=""/>
    <property name="os.name" value="Windows 7"/>
    <property name="classworlds.conf" value="C:/Program Files (x86)/apache-maven-3.2.5/bin/m2.conf"/>
    <property name="sun.jnu.encoding" value="Cp1252"/>
    <property name="java.library.path" value="C:\DEV\Java\JDK1.7.0_80\bin;C:\WINDOWS\Sun\Java\bin;C:\WINDOWS\system32;C:\WINDOWS;H:\bin;C:\Program Files (x86)\Git\mingw32\bin;C:\Program Files (x86)\Git\usr\local\bin;C:\Program Files (x86)\Git\usr\bin;C:\Program Files (x86)\Git\usr\bin;C:\Program Files (x86)\Git\mingw32\bin;C:\Program Files (x86)\Git\usr\bin;H:\bin;C:\oracle\product\11.2.0\client_1;C:\WINDOWS\system32;C:\WINDOWS;C:\WINDOWS\System32\Wbem;C:\WINDOWS\System32\WindowsPowerShell\v1.0;C:\Program Files\support\tools;C:\Program Files\support\scripts;C:\progra~2\Riverbed\Steelhead Mobile;C:\progra~2\Sparx Systems\EA\Java API;C:\dev\GitTools\git-globe;C:\dev\GitTools\Python27;C:\progra~2\Mozilla Firefox;C:\DEV\Java\JDK1.6.0_30;C:\DEV\tibco\ems\5.1\bin;C:\DEV\java\JDK1.6.0_30\bin;C:\progra~2\Selenium;C:\progra~2\Wave Systems Corp\bin;C:\Program Files\Wave Systems Corp\Wave TSS\bin;C:\Program Files\TortoiseGit\bin;C:\progra~2\IDM Computer Solutions\UltraEdit;C:\Program Files (x86)\Vagrant\bin;C:\progra~2\apache-maven-3.2.5\bin;C:\progra~2\Java\jre1.7.0_45\bin;C:\Program Files\Microsoft\Web Platform Installer;C:\WINDOWS\System32\WindowsPowerShell\v1.0;C:\Program Files\TortoiseSVN\bin;C:\DEV\Ruby22-x64\bin;C:\Program Files (x86)\Git\usr\bin;C:\Program Files (x86)\Git\usr\bin\vendor_perl;C:\Program Files (x86)\Git\usr\bin\core_perl;."/>
    <property name="java.specification.name" value="Java Platform API Specification"/>
    <property name="java.class.version" value="51.0"/>
    <property name="sun.management.compiler" value="HotSpot 64-Bit Tiered Compilers"/>
    <property name="os.version" value="6.1"/>
    <property name="user.home" value="C:\Users\falbrech"/>
    <property name="user.timezone" value="Europe/Berlin"/>
    <property name="java.awt.printerjob" value="sun.awt.windows.WPrinterJob"/>
    <property name="java.specification.version" value="1.7"/>
    <property name="file.encoding" value="Cp1252"/>
    <property name="user.name" value="falbrech"/>
    <property name="java.class.path" value="C:/Program Files (x86)/apache-maven-3.2.5/boot/plexus-classworlds-2.5.2.jar"/>
    <property name="java.vm.specification.version" value="1.7"/>
    <property name="sun.arch.data.model" value="64"/>
    <property name="java.home" value="C:\DEV\Java\JDK1.7.0_80\jre"/>
    <property name="sun.java.command" value="org.codehaus.plexus.classworlds.launcher.Launcher clean post-integration-test -DperformLocalTests=true"/>
    <property name="java.specification.vendor" value="Oracle Corporation"/>
    <property name="user.language" value="de"/>
    <property name="awt.toolkit" value="sun.awt.windows.WToolkit"/>
    <property name="java.vm.info" value="mixed mode"/>
    <property name="java.version" value="1.7.0_80"/>
    <property name="java.ext.dirs" value="C:\DEV\Java\JDK1.7.0_80\jre\lib\ext;C:\WINDOWS\Sun\Java\lib\ext"/>
    <property name="sun.boot.class.path" value="C:\DEV\Java\JDK1.7.0_80\jre\lib\resources.jar;C:\DEV\Java\JDK1.7.0_80\jre\lib\rt.jar;C:\DEV\Java\JDK1.7.0_80\jre\lib\sunrsasign.jar;C:\DEV\Java\JDK1.7.0_80\jre\lib\jsse.jar;C:\DEV\Java\JDK1.7.0_80\jre\lib\jce.jar;C:\DEV\Java\JDK1.7.0_80\jre\lib\charsets.jar;C:\DEV\Java\JDK1.7.0_80\jre\lib\jfr.jar;C:\DEV\Java\JDK1.7.0_80\jre\classes"/>
    <property name="java.vendor" value="Oracle Corporation"/>
    <property name="maven.home" value="C:\Program Files (x86)\apache-maven-3.2.5"/>
    <property name="file.separator" value="\"/>
    <property name="java.vendor.url.bug" value="http://bugreport.sun.com/bugreport/"/>
    <property name="sun.cpu.endian" value="little"/>
    <property name="sun.io.unicode.encoding" value="UnicodeLittle"/>
    <property name="sun.desktop" value="windows"/>
    <property name="sun.cpu.isalist" value="amd64"/>
  </properties>
  <testcase name="equalsWithSpaceInMiddle" classname="org.aludratest.service.gui.integrationtest.selenium2.Selenium2ButtonTest" time="10.421"/>
  <testcase name="enabledOnEnabledButtonWithTimeout" classname="org.aludratest.service.gui.integrationtest.selenium2.Selenium2ButtonTest" time="6.11"/>
  <testcase name="enabledOnEnabledButton" classname="org.aludratest.service.gui.integrationtest.selenium2.Selenium2ButtonTest" time="6.147"/>
  <testcase name="textMatches" classname="org.aludratest.service.gui.integrationtest.selenium2.Selenium2ButtonTest" time="10.02"/>
  <testcase name="equalsWithDifferentLength" classname="org.aludratest.service.gui.integrationtest.selenium2.Selenium2ButtonTest" time="9.249"/>
  <testcase name="enabledOnDisabledButtonWithTimeout" classname="org.aludratest.service.gui.integrationtest.selenium2.Selenium2ButtonTest" time="7.105"/>
  <testcase name="assertTextEqualsIgnoreCaseTrimmedWithCorrectText" classname="org.aludratest.service.gui.integrationtest.selenium2.Selenium2ButtonTest" time="10.252"/>
  <testcase name="enabledOnDisabledButton" classname="org.aludratest.service.gui.integrationtest.selenium2.Selenium2ButtonTest" time="7.78"/>
</testsuite>